  Application.cpp
c:\users\usuario\documents\github\pinball\Animation.h(44): warning C4244: '=': conversion from 'int' to 'float', possible loss of data
F:\Visual Studio\VC\include\limits(210): warning C4577: 'noexcept' used with no exception handling mode specified; termination on exception is not guaranteed. Specify /EHsc
  log.cpp
  Main.cpp
  ModuleAudio.cpp
  ModuleInput.cpp
  ModulePhysics.cpp
ModulePhysics.cpp(40): warning C4244: 'initializing': conversion from 'float' to 'int', possible loss of data
ModulePhysics.cpp(135): warning C4244: '=': conversion from 'float' to 'int', possible loss of data
ModulePhysics.cpp(136): warning C4244: '=': conversion from 'float' to 'int', possible loss of data
ModulePhysics.cpp(182): warning C4018: '<': signed/unsigned mismatch
ModulePhysics.cpp(217): warning C4018: '<': signed/unsigned mismatch
ModulePhysics.cpp(393): warning C4244: 'argument': conversion from 'float32' to 'int', possible loss of data
ModulePhysics.cpp(471): warning C4244: 'initializing': conversion from 'int' to 'float', possible loss of data
ModulePhysics.cpp(472): warning C4244: 'initializing': conversion from 'int' to 'float', possible loss of data
ModulePhysics.cpp(478): warning C4244: 'return': conversion from 'float32' to 'int', possible loss of data
F:\Visual Studio\VC\include\cmath(131): warning C4577: 'noexcept' used with no exception handling mode specified; termination on exception is not guaranteed. Specify /EHsc
  ModulePlayer.cpp
  ModuleRender.cpp
  ModuleSceneIntro.cpp
c:\users\usuario\documents\github\pinball\Animation.h(44): warning C4244: '=': conversion from 'int' to 'float', possible loss of data
ModuleSceneIntro.cpp(204): warning C4244: 'argument': conversion from 'int' to 'float', possible loss of data
ModuleSceneIntro.cpp(206): warning C4244: 'argument': conversion from 'int' to 'float', possible loss of data
ModuleSceneIntro.cpp(208): warning C4244: 'argument': conversion from 'float' to 'int', possible loss of data
ModuleSceneIntro.cpp(211): warning C4244: 'argument': conversion from 'float' to 'int', possible loss of data
F:\Visual Studio\VC\include\limits(210): warning C4577: 'noexcept' used with no exception handling mode specified; termination on exception is not guaranteed. Specify /EHsc
  ModuleTextures.cpp
  ModuleWindow.cpp
  Generating code
  All 227 functions were compiled because no usable IPDB/IOBJ from previous compilation was found.
  Finished generating code
  SDL Game.vcxproj -> C:\Users\Usuario\Documents\GitHub\Pinball\Release\2DPinball.exe
  SDL Game.vcxproj -> C:\Users\Usuario\Documents\GitHub\Pinball\Release\2DPinball.pdb (Full PDB)
